<testsuites id="" name="" tests="12" failures="0" skipped="0" errors="0" time="18.106529">
<testsuite name="program1.spec.ts" timestamp="2025-10-04T13:17:14.031Z" hostname="chromium" tests="4" failures="0" skipped="0" time="17.883" errors="0">
<testcase name="Enter Name" classname="program1.spec.ts" time="5.271">
</testcase>
<testcase name="Enter Email" classname="program1.spec.ts" time="4.743">
</testcase>
<testcase name="Enter Phone Number" classname="program1.spec.ts" time="4.047">
</testcase>
<testcase name="Enter Address" classname="program1.spec.ts" time="3.822">
</testcase>
</testsuite>
<testsuite name="program1.spec.ts" timestamp="2025-10-04T13:17:14.031Z" hostname="firefox" tests="4" failures="0" skipped="0" time="22.413" errors="0">
<testcase name="Enter Name" classname="program1.spec.ts" time="5.923">
</testcase>
<testcase name="Enter Email" classname="program1.spec.ts" time="4.933">
</testcase>
<testcase name="Enter Phone Number" classname="program1.spec.ts" time="5.842">
</testcase>
<testcase name="Enter Address" classname="program1.spec.ts" time="5.715">
</testcase>
</testsuite>
<testsuite name="program1.spec.ts" timestamp="2025-10-04T13:17:14.031Z" hostname="webkit" tests="4" failures="0" skipped="0" time="14.799" errors="0">
<testcase name="Enter Name" classname="program1.spec.ts" time="3.604">
</testcase>
<testcase name="Enter Email" classname="program1.spec.ts" time="4.527">
</testcase>
<testcase name="Enter Phone Number" classname="program1.spec.ts" time="2.574">
</testcase>
<testcase name="Enter Address" classname="program1.spec.ts" time="4.094">
</testcase>
</testsuite>
</testsuites>